<?xml version="1.0" encoding="UTF-8"?>
<robot generator="Robot 4.0 (Python 3.9.5 on win32)" generated="20210801 22:44:31.575" rpa="false" schemaversion="2">
<suite id="s1" name="Registration Api" source="D:\RobotFramework\Central\rosie_powerbuy\testcases\api\registration_api.robot">
<test id="s1-t1" name="TC01: Registration Api Successfully">
<kw name="Generate a random Interger" library="api_common_keywords">
<var>${randomInt}</var>
<kw name="Evaluate" library="BuiltIn">
<var>${number}</var>
<arg>random.randint(1, 1000000)</arg>
<arg>random</arg>
<doc>Evaluates the given expression in Python and returns the result.</doc>
<msg timestamp="20210801 22:44:32.879" level="INFO">${number} = 121056</msg>
<status status="PASS" starttime="20210801 22:44:32.878" endtime="20210801 22:44:32.879"/>
</kw>
<msg timestamp="20210801 22:44:32.879" level="INFO">${randomInt} = 121056</msg>
<status status="PASS" starttime="20210801 22:44:32.878" endtime="20210801 22:44:32.879"/>
</kw>
<kw name="Catenate two Strings" library="api_common_keywords">
<var>${userFirstName}</var>
<arg>${user}[fistName]</arg>
<arg>${randomInt}</arg>
<kw name="Catenate" library="BuiltIn">
<var>${output}</var>
<arg>SEPARATOR=</arg>
<arg>${text1}</arg>
<arg>${text2}</arg>
<doc>Catenates the given items together and returns the resulted string.</doc>
<msg timestamp="20210801 22:44:32.881" level="INFO">${output} = Rosie121056</msg>
<status status="PASS" starttime="20210801 22:44:32.881" endtime="20210801 22:44:32.881"/>
</kw>
<msg timestamp="20210801 22:44:32.881" level="INFO">${userFirstName} = Rosie121056</msg>
<status status="PASS" starttime="20210801 22:44:32.880" endtime="20210801 22:44:32.881"/>
</kw>
<kw name="Catenate two Strings" library="api_common_keywords">
<var>${userLastName}</var>
<arg>${user}[lastName]</arg>
<arg>${randomInt}</arg>
<kw name="Catenate" library="BuiltIn">
<var>${output}</var>
<arg>SEPARATOR=</arg>
<arg>${text1}</arg>
<arg>${text2}</arg>
<doc>Catenates the given items together and returns the resulted string.</doc>
<msg timestamp="20210801 22:44:32.883" level="INFO">${output} = Nguyen121056</msg>
<status status="PASS" starttime="20210801 22:44:32.882" endtime="20210801 22:44:32.883"/>
</kw>
<msg timestamp="20210801 22:44:32.883" level="INFO">${userLastName} = Nguyen121056</msg>
<status status="PASS" starttime="20210801 22:44:32.882" endtime="20210801 22:44:32.883"/>
</kw>
<kw name="Catenate three Strings" library="api_common_keywords">
<var>${userEmail}</var>
<arg>${user}[emailUser]</arg>
<arg>${randomInt}</arg>
<arg>${user}[emailDomain]</arg>
<kw name="Catenate" library="BuiltIn">
<var>${output}</var>
<arg>SEPARATOR=</arg>
<arg>${text1}</arg>
<arg>${text2}</arg>
<arg>${text3}</arg>
<doc>Catenates the given items together and returns the resulted string.</doc>
<msg timestamp="20210801 22:44:32.886" level="INFO">${output} = rosienguyen121056@gmail.com</msg>
<status status="PASS" starttime="20210801 22:44:32.885" endtime="20210801 22:44:32.886"/>
</kw>
<msg timestamp="20210801 22:44:32.886" level="INFO">${userEmail} = rosienguyen121056@gmail.com</msg>
<status status="PASS" starttime="20210801 22:44:32.883" endtime="20210801 22:44:32.886"/>
</kw>
<kw name="Call Registration Api" library="registration_api">
<arg>${userFirstName}</arg>
<arg>${userLastName}</arg>
<arg>${userEmail}</arg>
<arg>${user}[password]</arg>
<doc>This method write to search currently for TV with inchs size option.</doc>
<kw name="Catenate two Strings" library="api_common_keywords">
<var>${end_point}</var>
<arg>${api}[base_url]</arg>
<arg>${api}[registrationPath]</arg>
<kw name="Catenate" library="BuiltIn">
<var>${output}</var>
<arg>SEPARATOR=</arg>
<arg>${text1}</arg>
<arg>${text2}</arg>
<doc>Catenates the given items together and returns the resulted string.</doc>
<msg timestamp="20210801 22:44:32.889" level="INFO">${output} = https://coreapi-v2.powerbuy.co.th/graphql</msg>
<status status="PASS" starttime="20210801 22:44:32.888" endtime="20210801 22:44:32.889"/>
</kw>
<msg timestamp="20210801 22:44:32.889" level="INFO">${end_point} = https://coreapi-v2.powerbuy.co.th/graphql</msg>
<status status="PASS" starttime="20210801 22:44:32.888" endtime="20210801 22:44:32.889"/>
</kw>
<kw name="Create Dictionary" library="BuiltIn">
<var>&amp;{request_header}</var>
<arg>content-type=application/json</arg>
<doc>Creates and returns a dictionary based on the given ``items``.</doc>
<msg timestamp="20210801 22:44:32.889" level="INFO">&amp;{request_header} = { content-type=application/json }</msg>
<status status="PASS" starttime="20210801 22:44:32.889" endtime="20210801 22:44:32.889"/>
</kw>
<kw name="Load JSON From File" library="JSONLibrary">
<var>${request_body}</var>
<arg>D:\\RobotFramework\\Central\\rosie_powerbuy\\keywords\\api\\request/../payload/registration_payload.json</arg>
<doc>Load JSON from file.</doc>
<msg timestamp="20210801 22:44:32.889" level="INFO">${request_body} = {'operationName': 'register', 'variables': {'input': {'email': 'ss@fmaa.ccc', 'password': 'Hoa12345', 'firstname': 'rwr', 'lastname': 'rwr', 'storeId': 2, 'language': 'en', 'accept_consents': ['PRIVAC...</msg>
<status status="PASS" starttime="20210801 22:44:32.889" endtime="20210801 22:44:32.889"/>
</kw>
<kw name="Update Value To Json" library="JSONLibrary">
<var>${request_body}</var>
<arg>${request_body}</arg>
<arg>$..input.firstname</arg>
<arg>${firstName}</arg>
<doc>Update value to JSON using JSONPath</doc>
<msg timestamp="20210801 22:44:32.919" level="INFO">${request_body} = {'operationName': 'register', 'variables': {'input': {'email': 'ss@fmaa.ccc', 'password': 'Hoa12345', 'firstname': 'Rosie121056', 'lastname': 'rwr', 'storeId': 2, 'language': 'en', 'accept_consents': ...</msg>
<status status="PASS" starttime="20210801 22:44:32.889" endtime="20210801 22:44:32.919"/>
</kw>
<kw name="Update Value To Json" library="JSONLibrary">
<var>${request_body}</var>
<arg>${request_body}</arg>
<arg>$..input.lastname</arg>
<arg>${lastName}</arg>
<doc>Update value to JSON using JSONPath</doc>
<msg timestamp="20210801 22:44:32.942" level="INFO">${request_body} = {'operationName': 'register', 'variables': {'input': {'email': 'ss@fmaa.ccc', 'password': 'Hoa12345', 'firstname': 'Rosie121056', 'lastname': 'Nguyen121056', 'storeId': 2, 'language': 'en', 'accept_co...</msg>
<status status="PASS" starttime="20210801 22:44:32.919" endtime="20210801 22:44:32.942"/>
</kw>
<kw name="Update Value To Json" library="JSONLibrary">
<var>${request_body}</var>
<arg>${request_body}</arg>
<arg>$..input.email</arg>
<arg>${email}</arg>
<doc>Update value to JSON using JSONPath</doc>
<msg timestamp="20210801 22:44:32.967" level="INFO">${request_body} = {'operationName': 'register', 'variables': {'input': {'email': 'rosienguyen121056@gmail.com', 'password': 'Hoa12345', 'firstname': 'Rosie121056', 'lastname': 'Nguyen121056', 'storeId': 2, 'language': ...</msg>
<status status="PASS" starttime="20210801 22:44:32.942" endtime="20210801 22:44:32.967"/>
</kw>
<kw name="Update Value To Json" library="JSONLibrary">
<var>${request_body}</var>
<arg>${request_body}</arg>
<arg>$..input.password</arg>
<arg>${password}</arg>
<doc>Update value to JSON using JSONPath</doc>
<msg timestamp="20210801 22:44:32.992" level="INFO">${request_body} = {'operationName': 'register', 'variables': {'input': {'email': 'rosienguyen121056@gmail.com', 'password': 'Rosie000', 'firstname': 'Rosie121056', 'lastname': 'Nguyen121056', 'storeId': 2, 'language': ...</msg>
<status status="PASS" starttime="20210801 22:44:32.967" endtime="20210801 22:44:32.992"/>
</kw>
<kw name="Evaluate" library="BuiltIn">
<var>${body}</var>
<arg>json.dumps($request_body)</arg>
<arg>json</arg>
<doc>Evaluates the given expression in Python and returns the result.</doc>
<msg timestamp="20210801 22:44:32.992" level="INFO">${body} = {"operationName": "register", "variables": {"input": {"email": "rosienguyen121056@gmail.com", "password": "Rosie000", "firstname": "Rosie121056", "lastname": "Nguyen121056", "storeId": 2, "language": ...</msg>
<status status="PASS" starttime="20210801 22:44:32.992" endtime="20210801 22:44:32.992"/>
</kw>
<kw name="Evaluate" library="BuiltIn">
<var>${header}</var>
<arg>json.dumps($request_header)</arg>
<arg>json</arg>
<doc>Evaluates the given expression in Python and returns the result.</doc>
<msg timestamp="20210801 22:44:32.992" level="INFO">${header} = {"content-type": "application/json"}</msg>
<status status="PASS" starttime="20210801 22:44:32.992" endtime="20210801 22:44:32.992"/>
</kw>
<kw name="POST" library="REST">
<var>${response}</var>
<arg>endpoint=${end_point}</arg>
<arg>headers=${header}</arg>
<arg>body=${body}</arg>
<tag>http</tag>
<doc>*Sends a POST request to the endpoint.*</doc>
<msg timestamp="20210801 22:44:33.911" level="INFO">${response} = {'seconds': 0.711542, 'status': 200, 'body': {'data': {'register': {'message': 'success'}}}, 'headers': {'Date': 'Sun, 01 Aug 2021 15:44:34 GMT', 'Content-Type': 'application/json; charset=utf-8', 'Co...</msg>
<status status="PASS" starttime="20210801 22:44:32.992" endtime="20210801 22:44:33.912"/>
</kw>
<kw name="Set Test Variable" library="BuiltIn">
<arg>${response}</arg>
<doc>Makes a variable available everywhere within the scope of the current test.</doc>
<msg timestamp="20210801 22:44:33.912" level="INFO">${response} = {'seconds': 0.711542, 'status': 200, 'body': {'data': {'register': {'message': 'success'}}}, 'headers': {'Date': 'Sun, 01 Aug 2021 15:44:34 GMT', 'Content-Type': 'application/json; charset=utf-8', 'Co...</msg>
<status status="PASS" starttime="20210801 22:44:33.912" endtime="20210801 22:44:33.913"/>
</kw>
<status status="PASS" starttime="20210801 22:44:32.887" endtime="20210801 22:44:33.913"/>
</kw>
<kw name="Verify Successful Registration" library="registration_api">
<arg>${apiCode}[ok]</arg>
<arg>${apiMessage}[success]</arg>
<kw name="Integer" library="REST">
<arg>response status</arg>
<arg>${statusCode}</arg>
<tag>assertions</tag>
<doc>*Asserts the field as JSON integer.*</doc>
<status status="PASS" starttime="20210801 22:44:33.916" endtime="20210801 22:44:33.916"/>
</kw>
<kw name="Output" library="REST">
<var>${response_body}</var>
<arg>response body</arg>
<tag>I/O</tag>
<doc>*Outputs JSON to terminal or a file.*</doc>
<msg timestamp="20210801 22:44:33.916" level="INFO">
{
    "data": {
        "register": {
            "message": "success"
        }
    }
}</msg>
<msg timestamp="20210801 22:44:33.949" level="INFO">${response_body} = {'data': {'register': {'message': 'success'}}}</msg>
<status status="PASS" starttime="20210801 22:44:33.916" endtime="20210801 22:44:33.949"/>
</kw>
<kw name="Get Value From Json" library="JSONLibrary">
<var>${actualMess}</var>
<arg>${response_body}</arg>
<arg>$..message</arg>
<doc>Get Value From JSON using JSONPath</doc>
<msg timestamp="20210801 22:44:34.013" level="INFO">${actualMess} = ['success']</msg>
<status status="PASS" starttime="20210801 22:44:33.949" endtime="20210801 22:44:34.013"/>
</kw>
<kw name="Should Contain" library="BuiltIn">
<arg>${actualMess}</arg>
<arg>${message}</arg>
<doc>Fails if ``container`` does not contain ``item`` one or more times.</doc>
<status status="PASS" starttime="20210801 22:44:34.014" endtime="20210801 22:44:34.014"/>
</kw>
<status status="PASS" starttime="20210801 22:44:33.914" endtime="20210801 22:44:34.014"/>
</kw>
<status status="PASS" starttime="20210801 22:44:32.877" endtime="20210801 22:44:34.016"/>
</test>
<test id="s1-t2" name="TC02: Registration Api failed with existed email">
<kw name="Catenate two Strings" library="api_common_keywords">
<var>${userEmail}</var>
<arg>${user}[emailUser]</arg>
<arg>${user}[emailDomain]</arg>
<kw name="Catenate" library="BuiltIn">
<var>${output}</var>
<arg>SEPARATOR=</arg>
<arg>${text1}</arg>
<arg>${text2}</arg>
<doc>Catenates the given items together and returns the resulted string.</doc>
<msg timestamp="20210801 22:44:34.021" level="INFO">${output} = rosienguyen@gmail.com</msg>
<status status="PASS" starttime="20210801 22:44:34.021" endtime="20210801 22:44:34.021"/>
</kw>
<msg timestamp="20210801 22:44:34.024" level="INFO">${userEmail} = rosienguyen@gmail.com</msg>
<status status="PASS" starttime="20210801 22:44:34.020" endtime="20210801 22:44:34.024"/>
</kw>
<kw name="Call Registration Api" library="registration_api">
<arg>${user}[fistName]</arg>
<arg>${user}[lastName]</arg>
<arg>${userEmail}</arg>
<arg>${user}[password]</arg>
<doc>This method write to search currently for TV with inchs size option.</doc>
<kw name="Catenate two Strings" library="api_common_keywords">
<var>${end_point}</var>
<arg>${api}[base_url]</arg>
<arg>${api}[registrationPath]</arg>
<kw name="Catenate" library="BuiltIn">
<var>${output}</var>
<arg>SEPARATOR=</arg>
<arg>${text1}</arg>
<arg>${text2}</arg>
<doc>Catenates the given items together and returns the resulted string.</doc>
<msg timestamp="20210801 22:44:34.032" level="INFO">${output} = https://coreapi-v2.powerbuy.co.th/graphql</msg>
<status status="PASS" starttime="20210801 22:44:34.030" endtime="20210801 22:44:34.032"/>
</kw>
<msg timestamp="20210801 22:44:34.032" level="INFO">${end_point} = https://coreapi-v2.powerbuy.co.th/graphql</msg>
<status status="PASS" starttime="20210801 22:44:34.029" endtime="20210801 22:44:34.032"/>
</kw>
<kw name="Create Dictionary" library="BuiltIn">
<var>&amp;{request_header}</var>
<arg>content-type=application/json</arg>
<doc>Creates and returns a dictionary based on the given ``items``.</doc>
<msg timestamp="20210801 22:44:34.034" level="INFO">&amp;{request_header} = { content-type=application/json }</msg>
<status status="PASS" starttime="20210801 22:44:34.033" endtime="20210801 22:44:34.034"/>
</kw>
<kw name="Load JSON From File" library="JSONLibrary">
<var>${request_body}</var>
<arg>D:\\RobotFramework\\Central\\rosie_powerbuy\\keywords\\api\\request/../payload/registration_payload.json</arg>
<doc>Load JSON from file.</doc>
<msg timestamp="20210801 22:44:34.034" level="INFO">${request_body} = {'operationName': 'register', 'variables': {'input': {'email': 'ss@fmaa.ccc', 'password': 'Hoa12345', 'firstname': 'rwr', 'lastname': 'rwr', 'storeId': 2, 'language': 'en', 'accept_consents': ['PRIVAC...</msg>
<status status="PASS" starttime="20210801 22:44:34.034" endtime="20210801 22:44:34.034"/>
</kw>
<kw name="Update Value To Json" library="JSONLibrary">
<var>${request_body}</var>
<arg>${request_body}</arg>
<arg>$..input.firstname</arg>
<arg>${firstName}</arg>
<doc>Update value to JSON using JSONPath</doc>
<msg timestamp="20210801 22:44:34.078" level="INFO">${request_body} = {'operationName': 'register', 'variables': {'input': {'email': 'ss@fmaa.ccc', 'password': 'Hoa12345', 'firstname': 'Rosie', 'lastname': 'rwr', 'storeId': 2, 'language': 'en', 'accept_consents': ['PRIV...</msg>
<status status="PASS" starttime="20210801 22:44:34.034" endtime="20210801 22:44:34.078"/>
</kw>
<kw name="Update Value To Json" library="JSONLibrary">
<var>${request_body}</var>
<arg>${request_body}</arg>
<arg>$..input.lastname</arg>
<arg>${lastName}</arg>
<doc>Update value to JSON using JSONPath</doc>
<msg timestamp="20210801 22:44:34.111" level="INFO">${request_body} = {'operationName': 'register', 'variables': {'input': {'email': 'ss@fmaa.ccc', 'password': 'Hoa12345', 'firstname': 'Rosie', 'lastname': 'Nguyen', 'storeId': 2, 'language': 'en', 'accept_consents': ['P...</msg>
<status status="PASS" starttime="20210801 22:44:34.078" endtime="20210801 22:44:34.111"/>
</kw>
<kw name="Update Value To Json" library="JSONLibrary">
<var>${request_body}</var>
<arg>${request_body}</arg>
<arg>$..input.email</arg>
<arg>${email}</arg>
<doc>Update value to JSON using JSONPath</doc>
<msg timestamp="20210801 22:44:34.134" level="INFO">${request_body} = {'operationName': 'register', 'variables': {'input': {'email': 'rosienguyen@gmail.com', 'password': 'Hoa12345', 'firstname': 'Rosie', 'lastname': 'Nguyen', 'storeId': 2, 'language': 'en', 'accept_cons...</msg>
<status status="PASS" starttime="20210801 22:44:34.111" endtime="20210801 22:44:34.134"/>
</kw>
<kw name="Update Value To Json" library="JSONLibrary">
<var>${request_body}</var>
<arg>${request_body}</arg>
<arg>$..input.password</arg>
<arg>${password}</arg>
<doc>Update value to JSON using JSONPath</doc>
<msg timestamp="20210801 22:44:34.158" level="INFO">${request_body} = {'operationName': 'register', 'variables': {'input': {'email': 'rosienguyen@gmail.com', 'password': 'Rosie000', 'firstname': 'Rosie', 'lastname': 'Nguyen', 'storeId': 2, 'language': 'en', 'accept_cons...</msg>
<status status="PASS" starttime="20210801 22:44:34.134" endtime="20210801 22:44:34.158"/>
</kw>
<kw name="Evaluate" library="BuiltIn">
<var>${body}</var>
<arg>json.dumps($request_body)</arg>
<arg>json</arg>
<doc>Evaluates the given expression in Python and returns the result.</doc>
<msg timestamp="20210801 22:44:34.158" level="INFO">${body} = {"operationName": "register", "variables": {"input": {"email": "rosienguyen@gmail.com", "password": "Rosie000", "firstname": "Rosie", "lastname": "Nguyen", "storeId": 2, "language": "en", "accept_cons...</msg>
<status status="PASS" starttime="20210801 22:44:34.158" endtime="20210801 22:44:34.158"/>
</kw>
<kw name="Evaluate" library="BuiltIn">
<var>${header}</var>
<arg>json.dumps($request_header)</arg>
<arg>json</arg>
<doc>Evaluates the given expression in Python and returns the result.</doc>
<msg timestamp="20210801 22:44:34.166" level="INFO">${header} = {"content-type": "application/json"}</msg>
<status status="PASS" starttime="20210801 22:44:34.166" endtime="20210801 22:44:34.166"/>
</kw>
<kw name="POST" library="REST">
<var>${response}</var>
<arg>endpoint=${end_point}</arg>
<arg>headers=${header}</arg>
<arg>body=${body}</arg>
<tag>http</tag>
<doc>*Sends a POST request to the endpoint.*</doc>
<msg timestamp="20210801 22:44:34.738" level="INFO">${response} = {'seconds': 0.561944, 'status': 200, 'body': {'errors': [{'message': 'A customer with the same email address already exists in an associated website.', 'extensions': {'code': 'INTERNAL_SERVER_ERROR'},...</msg>
<status status="PASS" starttime="20210801 22:44:34.166" endtime="20210801 22:44:34.738"/>
</kw>
<kw name="Set Test Variable" library="BuiltIn">
<arg>${response}</arg>
<doc>Makes a variable available everywhere within the scope of the current test.</doc>
<msg timestamp="20210801 22:44:34.738" level="INFO">${response} = {'seconds': 0.561944, 'status': 200, 'body': {'errors': [{'message': 'A customer with the same email address already exists in an associated website.', 'extensions': {'code': 'INTERNAL_SERVER_ERROR'},...</msg>
<status status="PASS" starttime="20210801 22:44:34.738" endtime="20210801 22:44:34.738"/>
</kw>
<status status="PASS" starttime="20210801 22:44:34.026" endtime="20210801 22:44:34.738"/>
</kw>
<kw name="Verify Error Message" library="registration_api">
<arg>${apiCode}[ok]</arg>
<arg>${apiCode}[badRequest]</arg>
<arg>${apiMessage}[errExistedEmail]</arg>
<kw name="Integer" library="REST">
<arg>response status</arg>
<arg>${statusCode}</arg>
<tag>assertions</tag>
<doc>*Asserts the field as JSON integer.*</doc>
<status status="PASS" starttime="20210801 22:44:34.747" endtime="20210801 22:44:34.749"/>
</kw>
<kw name="Output" library="REST">
<var>${response_body}</var>
<arg>response body</arg>
<tag>I/O</tag>
<doc>*Outputs JSON to terminal or a file.*</doc>
<msg timestamp="20210801 22:44:34.749" level="INFO">
{
    "errors": [
        {
            "message": "A customer with the same email address already exists in an associated website.",
            "extensions": {
                "code": "INTERNAL_SERVER_ERROR"
            },
            "response": {
                "body": {
                    "message": "A customer with the same email address already exists in an associated website."
                },
                "status": 400
            }
        }
    ],
    "data": {
        "register": null
    }
}</msg>
<msg timestamp="20210801 22:44:34.762" level="INFO">${response_body} = {'errors': [{'message': 'A customer with the same email address already exists in an associated website.', 'extensions': {'code': 'INTERNAL_SERVER_ERROR'}, 'response': {'body': {'message': 'A customer...</msg>
<status status="PASS" starttime="20210801 22:44:34.749" endtime="20210801 22:44:34.762"/>
</kw>
<kw name="Get Value From Json" library="JSONLibrary">
<var>${actualDetailStatus}</var>
<arg>${response_body}</arg>
<arg>$..response.status</arg>
<doc>Get Value From JSON using JSONPath</doc>
<msg timestamp="20210801 22:44:34.847" level="INFO">${actualDetailStatus} = [400]</msg>
<status status="PASS" starttime="20210801 22:44:34.762" endtime="20210801 22:44:34.847"/>
</kw>
<kw name="Convert To String" library="BuiltIn">
<var>${actualDetailStatus}</var>
<arg>${actualDetailStatus}</arg>
<doc>Converts the given item to a Unicode string.</doc>
<msg timestamp="20210801 22:44:34.848" level="INFO">${actualDetailStatus} = [400]</msg>
<status status="PASS" starttime="20210801 22:44:34.848" endtime="20210801 22:44:34.848"/>
</kw>
<kw name="Should Contain" library="BuiltIn">
<arg>${actualDetailStatus}</arg>
<arg>${detailStatus}</arg>
<doc>Fails if ``container`` does not contain ``item`` one or more times.</doc>
<status status="PASS" starttime="20210801 22:44:34.848" endtime="20210801 22:44:34.848"/>
</kw>
<kw name="Get Value From Json" library="JSONLibrary">
<var>${actualDetailMessage}</var>
<arg>${response_body}</arg>
<arg>$..response.body.message</arg>
<doc>Get Value From JSON using JSONPath</doc>
<msg timestamp="20210801 22:44:34.895" level="INFO">${actualDetailMessage} = ['A customer with the same email address already exists in an associated website.']</msg>
<status status="PASS" starttime="20210801 22:44:34.848" endtime="20210801 22:44:34.896"/>
</kw>
<kw name="Should Contain" library="BuiltIn">
<arg>${actualDetailMessage}</arg>
<arg>${detailMessage}</arg>
<doc>Fails if ``container`` does not contain ``item`` one or more times.</doc>
<status status="PASS" starttime="20210801 22:44:34.896" endtime="20210801 22:44:34.896"/>
</kw>
<status status="PASS" starttime="20210801 22:44:34.738" endtime="20210801 22:44:34.896"/>
</kw>
<status status="PASS" starttime="20210801 22:44:34.019" endtime="20210801 22:44:34.898"/>
</test>
<test id="s1-t3" name="TC03: Registration Api failed with empty first name">
<kw name="Generate a random Interger" library="api_common_keywords">
<var>${randomInt}</var>
<kw name="Evaluate" library="BuiltIn">
<var>${number}</var>
<arg>random.randint(1, 1000000)</arg>
<arg>random</arg>
<doc>Evaluates the given expression in Python and returns the result.</doc>
<msg timestamp="20210801 22:44:34.902" level="INFO">${number} = 254218</msg>
<status status="PASS" starttime="20210801 22:44:34.902" endtime="20210801 22:44:34.902"/>
</kw>
<msg timestamp="20210801 22:44:34.902" level="INFO">${randomInt} = 254218</msg>
<status status="PASS" starttime="20210801 22:44:34.901" endtime="20210801 22:44:34.903"/>
</kw>
<kw name="Catenate two Strings" library="api_common_keywords">
<var>${userLastName}</var>
<arg>${user}[lastName]</arg>
<arg>${randomInt}</arg>
<kw name="Catenate" library="BuiltIn">
<var>${output}</var>
<arg>SEPARATOR=</arg>
<arg>${text1}</arg>
<arg>${text2}</arg>
<doc>Catenates the given items together and returns the resulted string.</doc>
<msg timestamp="20210801 22:44:34.905" level="INFO">${output} = Nguyen254218</msg>
<status status="PASS" starttime="20210801 22:44:34.904" endtime="20210801 22:44:34.905"/>
</kw>
<msg timestamp="20210801 22:44:34.905" level="INFO">${userLastName} = Nguyen254218</msg>
<status status="PASS" starttime="20210801 22:44:34.903" endtime="20210801 22:44:34.905"/>
</kw>
<kw name="Catenate three Strings" library="api_common_keywords">
<var>${userEmail}</var>
<arg>${user}[emailUser]</arg>
<arg>${randomInt}</arg>
<arg>${user}[emailDomain]</arg>
<kw name="Catenate" library="BuiltIn">
<var>${output}</var>
<arg>SEPARATOR=</arg>
<arg>${text1}</arg>
<arg>${text2}</arg>
<arg>${text3}</arg>
<doc>Catenates the given items together and returns the resulted string.</doc>
<msg timestamp="20210801 22:44:34.910" level="INFO">${output} = rosienguyen254218@gmail.com</msg>
<status status="PASS" starttime="20210801 22:44:34.907" endtime="20210801 22:44:34.910"/>
</kw>
<msg timestamp="20210801 22:44:34.911" level="INFO">${userEmail} = rosienguyen254218@gmail.com</msg>
<status status="PASS" starttime="20210801 22:44:34.906" endtime="20210801 22:44:34.911"/>
</kw>
<kw name="Call Registration Api" library="registration_api">
<arg>${EMPTY}</arg>
<arg>${userLastName}</arg>
<arg>${userEmail}</arg>
<arg>${user}[password]</arg>
<doc>This method write to search currently for TV with inchs size option.</doc>
<kw name="Catenate two Strings" library="api_common_keywords">
<var>${end_point}</var>
<arg>${api}[base_url]</arg>
<arg>${api}[registrationPath]</arg>
<kw name="Catenate" library="BuiltIn">
<var>${output}</var>
<arg>SEPARATOR=</arg>
<arg>${text1}</arg>
<arg>${text2}</arg>
<doc>Catenates the given items together and returns the resulted string.</doc>
<msg timestamp="20210801 22:44:34.914" level="INFO">${output} = https://coreapi-v2.powerbuy.co.th/graphql</msg>
<status status="PASS" starttime="20210801 22:44:34.914" endtime="20210801 22:44:34.914"/>
</kw>
<msg timestamp="20210801 22:44:34.914" level="INFO">${end_point} = https://coreapi-v2.powerbuy.co.th/graphql</msg>
<status status="PASS" starttime="20210801 22:44:34.914" endtime="20210801 22:44:34.914"/>
</kw>
<kw name="Create Dictionary" library="BuiltIn">
<var>&amp;{request_header}</var>
<arg>content-type=application/json</arg>
<doc>Creates and returns a dictionary based on the given ``items``.</doc>
<msg timestamp="20210801 22:44:34.914" level="INFO">&amp;{request_header} = { content-type=application/json }</msg>
<status status="PASS" starttime="20210801 22:44:34.914" endtime="20210801 22:44:34.914"/>
</kw>
<kw name="Load JSON From File" library="JSONLibrary">
<var>${request_body}</var>
<arg>D:\\RobotFramework\\Central\\rosie_powerbuy\\keywords\\api\\request/../payload/registration_payload.json</arg>
<doc>Load JSON from file.</doc>
<msg timestamp="20210801 22:44:34.918" level="INFO">${request_body} = {'operationName': 'register', 'variables': {'input': {'email': 'ss@fmaa.ccc', 'password': 'Hoa12345', 'firstname': 'rwr', 'lastname': 'rwr', 'storeId': 2, 'language': 'en', 'accept_consents': ['PRIVAC...</msg>
<status status="PASS" starttime="20210801 22:44:34.914" endtime="20210801 22:44:34.918"/>
</kw>
<kw name="Update Value To Json" library="JSONLibrary">
<var>${request_body}</var>
<arg>${request_body}</arg>
<arg>$..input.firstname</arg>
<arg>${firstName}</arg>
<doc>Update value to JSON using JSONPath</doc>
<msg timestamp="20210801 22:44:34.969" level="INFO">${request_body} = {'operationName': 'register', 'variables': {'input': {'email': 'ss@fmaa.ccc', 'password': 'Hoa12345', 'firstname': '', 'lastname': 'rwr', 'storeId': 2, 'language': 'en', 'accept_consents': ['PRIVACY']...</msg>
<status status="PASS" starttime="20210801 22:44:34.918" endtime="20210801 22:44:34.969"/>
</kw>
<kw name="Update Value To Json" library="JSONLibrary">
<var>${request_body}</var>
<arg>${request_body}</arg>
<arg>$..input.lastname</arg>
<arg>${lastName}</arg>
<doc>Update value to JSON using JSONPath</doc>
<msg timestamp="20210801 22:44:35.017" level="INFO">${request_body} = {'operationName': 'register', 'variables': {'input': {'email': 'ss@fmaa.ccc', 'password': 'Hoa12345', 'firstname': '', 'lastname': 'Nguyen254218', 'storeId': 2, 'language': 'en', 'accept_consents': ['...</msg>
<status status="PASS" starttime="20210801 22:44:34.969" endtime="20210801 22:44:35.017"/>
</kw>
<kw name="Update Value To Json" library="JSONLibrary">
<var>${request_body}</var>
<arg>${request_body}</arg>
<arg>$..input.email</arg>
<arg>${email}</arg>
<doc>Update value to JSON using JSONPath</doc>
<msg timestamp="20210801 22:44:35.063" level="INFO">${request_body} = {'operationName': 'register', 'variables': {'input': {'email': 'rosienguyen254218@gmail.com', 'password': 'Hoa12345', 'firstname': '', 'lastname': 'Nguyen254218', 'storeId': 2, 'language': 'en', 'acce...</msg>
<status status="PASS" starttime="20210801 22:44:35.017" endtime="20210801 22:44:35.063"/>
</kw>
<kw name="Update Value To Json" library="JSONLibrary">
<var>${request_body}</var>
<arg>${request_body}</arg>
<arg>$..input.password</arg>
<arg>${password}</arg>
<doc>Update value to JSON using JSONPath</doc>
<msg timestamp="20210801 22:44:35.104" level="INFO">${request_body} = {'operationName': 'register', 'variables': {'input': {'email': 'rosienguyen254218@gmail.com', 'password': 'Rosie000', 'firstname': '', 'lastname': 'Nguyen254218', 'storeId': 2, 'language': 'en', 'acce...</msg>
<status status="PASS" starttime="20210801 22:44:35.063" endtime="20210801 22:44:35.104"/>
</kw>
<kw name="Evaluate" library="BuiltIn">
<var>${body}</var>
<arg>json.dumps($request_body)</arg>
<arg>json</arg>
<doc>Evaluates the given expression in Python and returns the result.</doc>
<msg timestamp="20210801 22:44:35.105" level="INFO">${body} = {"operationName": "register", "variables": {"input": {"email": "rosienguyen254218@gmail.com", "password": "Rosie000", "firstname": "", "lastname": "Nguyen254218", "storeId": 2, "language": "en", "acce...</msg>
<status status="PASS" starttime="20210801 22:44:35.104" endtime="20210801 22:44:35.105"/>
</kw>
<kw name="Evaluate" library="BuiltIn">
<var>${header}</var>
<arg>json.dumps($request_header)</arg>
<arg>json</arg>
<doc>Evaluates the given expression in Python and returns the result.</doc>
<msg timestamp="20210801 22:44:35.105" level="INFO">${header} = {"content-type": "application/json"}</msg>
<status status="PASS" starttime="20210801 22:44:35.105" endtime="20210801 22:44:35.105"/>
</kw>
<kw name="POST" library="REST">
<var>${response}</var>
<arg>endpoint=${end_point}</arg>
<arg>headers=${header}</arg>
<arg>body=${body}</arg>
<tag>http</tag>
<doc>*Sends a POST request to the endpoint.*</doc>
<msg timestamp="20210801 22:44:35.854" level="INFO">${response} = {'seconds': 0.7338450000000001, 'status': 200, 'body': {'errors': [{'message': '"First Name" is a required value.', 'extensions': {'code': 'INTERNAL_SERVER_ERROR'}, 'response': {'body': {'message': '"...</msg>
<status status="PASS" starttime="20210801 22:44:35.105" endtime="20210801 22:44:35.854"/>
</kw>
<kw name="Set Test Variable" library="BuiltIn">
<arg>${response}</arg>
<doc>Makes a variable available everywhere within the scope of the current test.</doc>
<msg timestamp="20210801 22:44:35.861" level="INFO">${response} = {'seconds': 0.7338450000000001, 'status': 200, 'body': {'errors': [{'message': '"First Name" is a required value.', 'extensions': {'code': 'INTERNAL_SERVER_ERROR'}, 'response': {'body': {'message': '"...</msg>
<status status="PASS" starttime="20210801 22:44:35.854" endtime="20210801 22:44:35.862"/>
</kw>
<status status="PASS" starttime="20210801 22:44:34.911" endtime="20210801 22:44:35.862"/>
</kw>
<kw name="Verify Error Message" library="registration_api">
<arg>${apiCode}[ok]</arg>
<arg>${apiCode}[badRequest]</arg>
<arg>${apiMessage}[errEmptyFirstName]</arg>
<kw name="Integer" library="REST">
<arg>response status</arg>
<arg>${statusCode}</arg>
<tag>assertions</tag>
<doc>*Asserts the field as JSON integer.*</doc>
<status status="PASS" starttime="20210801 22:44:35.870" endtime="20210801 22:44:35.871"/>
</kw>
<kw name="Output" library="REST">
<var>${response_body}</var>
<arg>response body</arg>
<tag>I/O</tag>
<doc>*Outputs JSON to terminal or a file.*</doc>
<msg timestamp="20210801 22:44:35.878" level="INFO">
{
    "errors": [
        {
            "message": "\"First Name\" is a required value.",
            "extensions": {
                "code": "INTERNAL_SERVER_ERROR"
            },
            "response": {
                "body": {
                    "message": "\"First Name\" is a required value."
                },
                "status": 400
            }
        }
    ],
    "data": {
        "register": null
    }
}</msg>
<msg timestamp="20210801 22:44:35.894" level="INFO">${response_body} = {'errors': [{'message': '"First Name" is a required value.', 'extensions': {'code': 'INTERNAL_SERVER_ERROR'}, 'response': {'body': {'message': '"First Name" is a required value.'}, 'status': 400}}], '...</msg>
<status status="PASS" starttime="20210801 22:44:35.875" endtime="20210801 22:44:35.899"/>
</kw>
<kw name="Get Value From Json" library="JSONLibrary">
<var>${actualDetailStatus}</var>
<arg>${response_body}</arg>
<arg>$..response.status</arg>
<doc>Get Value From JSON using JSONPath</doc>
<msg timestamp="20210801 22:44:36.028" level="INFO">${actualDetailStatus} = [400]</msg>
<status status="PASS" starttime="20210801 22:44:35.902" endtime="20210801 22:44:36.028"/>
</kw>
<kw name="Convert To String" library="BuiltIn">
<var>${actualDetailStatus}</var>
<arg>${actualDetailStatus}</arg>
<doc>Converts the given item to a Unicode string.</doc>
<msg timestamp="20210801 22:44:36.032" level="INFO">${actualDetailStatus} = [400]</msg>
<status status="PASS" starttime="20210801 22:44:36.028" endtime="20210801 22:44:36.032"/>
</kw>
<kw name="Should Contain" library="BuiltIn">
<arg>${actualDetailStatus}</arg>
<arg>${detailStatus}</arg>
<doc>Fails if ``container`` does not contain ``item`` one or more times.</doc>
<status status="PASS" starttime="20210801 22:44:36.032" endtime="20210801 22:44:36.033"/>
</kw>
<kw name="Get Value From Json" library="JSONLibrary">
<var>${actualDetailMessage}</var>
<arg>${response_body}</arg>
<arg>$..response.body.message</arg>
<doc>Get Value From JSON using JSONPath</doc>
<msg timestamp="20210801 22:44:36.077" level="INFO">${actualDetailMessage} = ['"First Name" is a required value.']</msg>
<status status="PASS" starttime="20210801 22:44:36.033" endtime="20210801 22:44:36.077"/>
</kw>
<kw name="Should Contain" library="BuiltIn">
<arg>${actualDetailMessage}</arg>
<arg>${detailMessage}</arg>
<doc>Fails if ``container`` does not contain ``item`` one or more times.</doc>
<status status="PASS" starttime="20210801 22:44:36.077" endtime="20210801 22:44:36.077"/>
</kw>
<status status="PASS" starttime="20210801 22:44:35.864" endtime="20210801 22:44:36.077"/>
</kw>
<status status="PASS" starttime="20210801 22:44:34.900" endtime="20210801 22:44:36.079"/>
</test>
<test id="s1-t4" name="TC04: Registration Api failed with invalid email">
<kw name="Call Registration Api" library="registration_api">
<arg>${user}[fistName]</arg>
<arg>${user}[lastName]</arg>
<arg>${user}[emailUser]</arg>
<arg>${user}[password]</arg>
<doc>This method write to search currently for TV with inchs size option.</doc>
<kw name="Catenate two Strings" library="api_common_keywords">
<var>${end_point}</var>
<arg>${api}[base_url]</arg>
<arg>${api}[registrationPath]</arg>
<kw name="Catenate" library="BuiltIn">
<var>${output}</var>
<arg>SEPARATOR=</arg>
<arg>${text1}</arg>
<arg>${text2}</arg>
<doc>Catenates the given items together and returns the resulted string.</doc>
<msg timestamp="20210801 22:44:36.082" level="INFO">${output} = https://coreapi-v2.powerbuy.co.th/graphql</msg>
<status status="PASS" starttime="20210801 22:44:36.082" endtime="20210801 22:44:36.082"/>
</kw>
<msg timestamp="20210801 22:44:36.082" level="INFO">${end_point} = https://coreapi-v2.powerbuy.co.th/graphql</msg>
<status status="PASS" starttime="20210801 22:44:36.082" endtime="20210801 22:44:36.082"/>
</kw>
<kw name="Create Dictionary" library="BuiltIn">
<var>&amp;{request_header}</var>
<arg>content-type=application/json</arg>
<doc>Creates and returns a dictionary based on the given ``items``.</doc>
<msg timestamp="20210801 22:44:36.082" level="INFO">&amp;{request_header} = { content-type=application/json }</msg>
<status status="PASS" starttime="20210801 22:44:36.082" endtime="20210801 22:44:36.082"/>
</kw>
<kw name="Load JSON From File" library="JSONLibrary">
<var>${request_body}</var>
<arg>D:\\RobotFramework\\Central\\rosie_powerbuy\\keywords\\api\\request/../payload/registration_payload.json</arg>
<doc>Load JSON from file.</doc>
<msg timestamp="20210801 22:44:36.082" level="INFO">${request_body} = {'operationName': 'register', 'variables': {'input': {'email': 'ss@fmaa.ccc', 'password': 'Hoa12345', 'firstname': 'rwr', 'lastname': 'rwr', 'storeId': 2, 'language': 'en', 'accept_consents': ['PRIVAC...</msg>
<status status="PASS" starttime="20210801 22:44:36.082" endtime="20210801 22:44:36.082"/>
</kw>
<kw name="Update Value To Json" library="JSONLibrary">
<var>${request_body}</var>
<arg>${request_body}</arg>
<arg>$..input.firstname</arg>
<arg>${firstName}</arg>
<doc>Update value to JSON using JSONPath</doc>
<msg timestamp="20210801 22:44:36.108" level="INFO">${request_body} = {'operationName': 'register', 'variables': {'input': {'email': 'ss@fmaa.ccc', 'password': 'Hoa12345', 'firstname': 'Rosie', 'lastname': 'rwr', 'storeId': 2, 'language': 'en', 'accept_consents': ['PRIV...</msg>
<status status="PASS" starttime="20210801 22:44:36.082" endtime="20210801 22:44:36.108"/>
</kw>
<kw name="Update Value To Json" library="JSONLibrary">
<var>${request_body}</var>
<arg>${request_body}</arg>
<arg>$..input.lastname</arg>
<arg>${lastName}</arg>
<doc>Update value to JSON using JSONPath</doc>
<msg timestamp="20210801 22:44:36.134" level="INFO">${request_body} = {'operationName': 'register', 'variables': {'input': {'email': 'ss@fmaa.ccc', 'password': 'Hoa12345', 'firstname': 'Rosie', 'lastname': 'Nguyen', 'storeId': 2, 'language': 'en', 'accept_consents': ['P...</msg>
<status status="PASS" starttime="20210801 22:44:36.108" endtime="20210801 22:44:36.134"/>
</kw>
<kw name="Update Value To Json" library="JSONLibrary">
<var>${request_body}</var>
<arg>${request_body}</arg>
<arg>$..input.email</arg>
<arg>${email}</arg>
<doc>Update value to JSON using JSONPath</doc>
<msg timestamp="20210801 22:44:36.164" level="INFO">${request_body} = {'operationName': 'register', 'variables': {'input': {'email': 'rosienguyen', 'password': 'Hoa12345', 'firstname': 'Rosie', 'lastname': 'Nguyen', 'storeId': 2, 'language': 'en', 'accept_consents': ['P...</msg>
<status status="PASS" starttime="20210801 22:44:36.134" endtime="20210801 22:44:36.164"/>
</kw>
<kw name="Update Value To Json" library="JSONLibrary">
<var>${request_body}</var>
<arg>${request_body}</arg>
<arg>$..input.password</arg>
<arg>${password}</arg>
<doc>Update value to JSON using JSONPath</doc>
<msg timestamp="20210801 22:44:36.196" level="INFO">${request_body} = {'operationName': 'register', 'variables': {'input': {'email': 'rosienguyen', 'password': 'Rosie000', 'firstname': 'Rosie', 'lastname': 'Nguyen', 'storeId': 2, 'language': 'en', 'accept_consents': ['P...</msg>
<status status="PASS" starttime="20210801 22:44:36.165" endtime="20210801 22:44:36.196"/>
</kw>
<kw name="Evaluate" library="BuiltIn">
<var>${body}</var>
<arg>json.dumps($request_body)</arg>
<arg>json</arg>
<doc>Evaluates the given expression in Python and returns the result.</doc>
<msg timestamp="20210801 22:44:36.196" level="INFO">${body} = {"operationName": "register", "variables": {"input": {"email": "rosienguyen", "password": "Rosie000", "firstname": "Rosie", "lastname": "Nguyen", "storeId": 2, "language": "en", "accept_consents": ["P...</msg>
<status status="PASS" starttime="20210801 22:44:36.196" endtime="20210801 22:44:36.196"/>
</kw>
<kw name="Evaluate" library="BuiltIn">
<var>${header}</var>
<arg>json.dumps($request_header)</arg>
<arg>json</arg>
<doc>Evaluates the given expression in Python and returns the result.</doc>
<msg timestamp="20210801 22:44:36.197" level="INFO">${header} = {"content-type": "application/json"}</msg>
<status status="PASS" starttime="20210801 22:44:36.197" endtime="20210801 22:44:36.197"/>
</kw>
<kw name="POST" library="REST">
<var>${response}</var>
<arg>endpoint=${end_point}</arg>
<arg>headers=${header}</arg>
<arg>body=${body}</arg>
<tag>http</tag>
<doc>*Sends a POST request to the endpoint.*</doc>
<msg timestamp="20210801 22:44:36.853" level="INFO">${response} = {'seconds': 0.6510199999999999, 'status': 200, 'body': {'errors': [{'message': '"Email" is not a valid email address.', 'extensions': {'code': 'INTERNAL_SERVER_ERROR'}, 'response': {'body': {'message'...</msg>
<status status="PASS" starttime="20210801 22:44:36.197" endtime="20210801 22:44:36.853"/>
</kw>
<kw name="Set Test Variable" library="BuiltIn">
<arg>${response}</arg>
<doc>Makes a variable available everywhere within the scope of the current test.</doc>
<msg timestamp="20210801 22:44:36.862" level="INFO">${response} = {'seconds': 0.6510199999999999, 'status': 200, 'body': {'errors': [{'message': '"Email" is not a valid email address.', 'extensions': {'code': 'INTERNAL_SERVER_ERROR'}, 'response': {'body': {'message'...</msg>
<status status="PASS" starttime="20210801 22:44:36.853" endtime="20210801 22:44:36.862"/>
</kw>
<status status="PASS" starttime="20210801 22:44:36.081" endtime="20210801 22:44:36.862"/>
</kw>
<kw name="Verify Error Message" library="registration_api">
<arg>${apiCode}[ok]</arg>
<arg>${apiCode}[badRequest]</arg>
<arg>${apiMessage}[errInvalidEmail]</arg>
<kw name="Integer" library="REST">
<arg>response status</arg>
<arg>${statusCode}</arg>
<tag>assertions</tag>
<doc>*Asserts the field as JSON integer.*</doc>
<status status="PASS" starttime="20210801 22:44:36.867" endtime="20210801 22:44:36.867"/>
</kw>
<kw name="Output" library="REST">
<var>${response_body}</var>
<arg>response body</arg>
<tag>I/O</tag>
<doc>*Outputs JSON to terminal or a file.*</doc>
<msg timestamp="20210801 22:44:36.867" level="INFO">
{
    "errors": [
        {
            "message": "\"Email\" is not a valid email address.",
            "extensions": {
                "code": "INTERNAL_SERVER_ERROR"
            },
            "response": {
                "body": {
                    "message": "\"Email\" is not a valid email address."
                },
                "status": 400
            }
        }
    ],
    "data": {
        "register": null
    }
}</msg>
<msg timestamp="20210801 22:44:36.884" level="INFO">${response_body} = {'errors': [{'message': '"Email" is not a valid email address.', 'extensions': {'code': 'INTERNAL_SERVER_ERROR'}, 'response': {'body': {'message': '"Email" is not a valid email address.'}, 'status': 4...</msg>
<status status="PASS" starttime="20210801 22:44:36.867" endtime="20210801 22:44:36.884"/>
</kw>
<kw name="Get Value From Json" library="JSONLibrary">
<var>${actualDetailStatus}</var>
<arg>${response_body}</arg>
<arg>$..response.status</arg>
<doc>Get Value From JSON using JSONPath</doc>
<msg timestamp="20210801 22:44:36.965" level="INFO">${actualDetailStatus} = [400]</msg>
<status status="PASS" starttime="20210801 22:44:36.884" endtime="20210801 22:44:36.965"/>
</kw>
<kw name="Convert To String" library="BuiltIn">
<var>${actualDetailStatus}</var>
<arg>${actualDetailStatus}</arg>
<doc>Converts the given item to a Unicode string.</doc>
<msg timestamp="20210801 22:44:36.965" level="INFO">${actualDetailStatus} = [400]</msg>
<status status="PASS" starttime="20210801 22:44:36.965" endtime="20210801 22:44:36.965"/>
</kw>
<kw name="Should Contain" library="BuiltIn">
<arg>${actualDetailStatus}</arg>
<arg>${detailStatus}</arg>
<doc>Fails if ``container`` does not contain ``item`` one or more times.</doc>
<status status="PASS" starttime="20210801 22:44:36.971" endtime="20210801 22:44:36.972"/>
</kw>
<kw name="Get Value From Json" library="JSONLibrary">
<var>${actualDetailMessage}</var>
<arg>${response_body}</arg>
<arg>$..response.body.message</arg>
<doc>Get Value From JSON using JSONPath</doc>
<msg timestamp="20210801 22:44:37.029" level="INFO">${actualDetailMessage} = ['"Email" is not a valid email address.']</msg>
<status status="PASS" starttime="20210801 22:44:36.972" endtime="20210801 22:44:37.029"/>
</kw>
<kw name="Should Contain" library="BuiltIn">
<arg>${actualDetailMessage}</arg>
<arg>${detailMessage}</arg>
<doc>Fails if ``container`` does not contain ``item`` one or more times.</doc>
<status status="PASS" starttime="20210801 22:44:37.029" endtime="20210801 22:44:37.029"/>
</kw>
<status status="PASS" starttime="20210801 22:44:36.865" endtime="20210801 22:44:37.029"/>
</kw>
<status status="PASS" starttime="20210801 22:44:36.080" endtime="20210801 22:44:37.032"/>
</test>
<status status="PASS" starttime="20210801 22:44:31.578" endtime="20210801 22:44:37.036"/>
</suite>
<statistics>
<total>
<stat pass="4" fail="0" skip="0">All Tests</stat>
</total>
<tag>
</tag>
<suite>
<stat pass="4" fail="0" skip="0" id="s1" name="Registration Api">Registration Api</stat>
</suite>
</statistics>
<errors>
</errors>
</robot>
